TN:
SF:services\kitchen-service\src\db\knex.js
FNF:0
FNH:0
DA:1,2
DA:2,2
DA:4,2
DA:15,2
LF:4
LH:4
BRF:0
BRH:0
end_of_record
TN:
SF:services\kitchen-service\src\graphql\resolvers.js
FN:8,(anonymous_0)
FN:19,(anonymous_1)
FN:27,(anonymous_2)
FN:33,(anonymous_3)
FN:56,(anonymous_4)
FN:96,(anonymous_5)
FN:116,(anonymous_6)
FN:195,(anonymous_7)
FN:197,(anonymous_8)
FN:199,(anonymous_9)
FN:207,(anonymous_10)
FN:209,(anonymous_11)
FNF:12
FNH:2
FNDA:0,(anonymous_0)
FNDA:0,(anonymous_1)
FNDA:0,(anonymous_2)
FNDA:1,(anonymous_3)
FNDA:0,(anonymous_4)
FNDA:0,(anonymous_5)
FNDA:2,(anonymous_6)
FNDA:0,(anonymous_7)
FNDA:0,(anonymous_8)
FNDA:0,(anonymous_9)
FNDA:0,(anonymous_10)
FNDA:0,(anonymous_11)
DA:1,2
DA:2,2
DA:3,2
DA:4,2
DA:6,2
DA:9,0
DA:20,0
DA:21,0
DA:22,0
DA:24,0
DA:28,0
DA:34,1
DA:36,1
DA:37,0
DA:40,1
DA:42,1
DA:53,1
DA:57,0
DA:59,0
DA:60,0
DA:63,0
DA:65,0
DA:66,0
DA:69,0
DA:70,0
DA:73,0
DA:83,0
DA:97,0
DA:98,0
DA:100,0
DA:103,0
DA:105,0
DA:113,0
DA:117,2
DA:118,2
DA:120,2
DA:129,2
DA:130,2
DA:131,1
DA:136,1
DA:141,1
DA:142,1
DA:145,1
DA:146,0
DA:149,1
DA:150,0
DA:153,1
DA:158,1
DA:160,1
DA:161,1
DA:170,1
DA:172,1
DA:173,1
DA:180,1
DA:182,1
DA:184,1
DA:187,0
DA:190,1
DA:196,0
DA:198,0
DA:200,0
DA:208,0
DA:210,0
DA:214,2
LF:64
LH:33
BRDA:21,0,0,0
BRDA:21,0,1,0
BRDA:36,1,0,0
BRDA:36,1,1,1
BRDA:48,2,0,1
BRDA:48,2,1,1
BRDA:59,3,0,0
BRDA:59,3,1,0
BRDA:65,4,0,0
BRDA:65,4,1,0
BRDA:69,5,0,0
BRDA:69,5,1,0
BRDA:69,6,0,0
BRDA:69,6,1,0
BRDA:79,7,0,0
BRDA:79,7,1,0
BRDA:98,8,0,0
BRDA:98,8,1,0
BRDA:103,9,0,0
BRDA:103,9,1,0
BRDA:118,10,0,0
BRDA:118,10,1,2
BRDA:129,11,0,2
BRDA:129,11,1,0
BRDA:130,12,0,1
BRDA:130,12,1,1
BRDA:141,13,0,1
BRDA:141,13,1,0
BRDA:145,14,0,0
BRDA:145,14,1,1
BRDA:149,15,0,0
BRDA:149,15,1,1
BRDA:172,16,0,1
BRDA:172,16,1,0
BRDA:196,17,0,0
BRDA:196,17,1,0
BRDA:198,18,0,0
BRDA:198,18,1,0
BRDA:208,19,0,0
BRDA:208,19,1,0
BRDA:210,20,0,0
BRDA:210,20,1,0
BRF:42
BRH:11
end_of_record
TN:
SF:services\kitchen-service\src\messaging\connection.js
FN:5,(anonymous_0)
FN:25,(anonymous_1)
FN:27,(anonymous_2)
FNF:3
FNH:0
FNDA:0,(anonymous_0)
FNDA:0,(anonymous_1)
FNDA:0,(anonymous_2)
DA:1,2
DA:3,2
DA:5,2
DA:6,0
DA:7,0
DA:11,0
DA:13,0
DA:17,0
DA:18,0
DA:20,0
DA:21,0
DA:25,2
DA:27,2
DA:28,0
DA:30,0
DA:37,0
DA:40,2
LF:17
LH:6
BRDA:8,0,0,0
BRDA:8,0,1,0
BRDA:28,1,0,0
BRDA:28,1,1,0
BRF:4
BRH:0
end_of_record
TN:
SF:services\kitchen-service\src\messaging\producer.js
FN:3,(anonymous_0)
FNF:1
FNH:0
FNDA:0,(anonymous_0)
DA:1,2
DA:3,2
DA:4,0
DA:5,0
DA:7,0
DA:8,0
DA:11,0
DA:13,0
DA:17,0
DA:19,0
DA:23,2
LF:11
LH:3
BRDA:7,0,0,0
BRDA:7,0,1,0
BRF:2
BRH:0
end_of_record
TN:
SF:services\orders-service\src\db\knex.js
FNF:0
FNH:0
DA:1,2
DA:2,2
DA:4,2
DA:15,2
LF:4
LH:4
BRF:0
BRH:0
end_of_record
TN:
SF:services\orders-service\src\graphql\resolvers.js
FN:8,(anonymous_0)
FN:32,(anonymous_1)
FN:51,(anonymous_2)
FN:61,(anonymous_3)
FN:65,(anonymous_4)
FN:69,(anonymous_5)
FN:73,(anonymous_6)
FN:79,(anonymous_7)
FN:112,(anonymous_8)
FN:124,(anonymous_9)
FN:131,(anonymous_10)
FN:150,(anonymous_11)
FN:151,(anonymous_12)
FN:162,(anonymous_13)
FN:177,(anonymous_14)
FN:200,(anonymous_15)
FN:212,(anonymous_16)
FN:229,(anonymous_17)
FN:289,(anonymous_18)
FN:302,(anonymous_19)
FN:321,(anonymous_20)
FN:329,(anonymous_21)
FN:341,(anonymous_22)
FN:361,(anonymous_23)
FN:386,(anonymous_24)
FN:465,(anonymous_25)
FN:475,(anonymous_26)
FN:476,(anonymous_27)
FN:477,(anonymous_28)
FN:479,(anonymous_29)
FN:483,(anonymous_30)
FN:485,(anonymous_31)
FN:486,(anonymous_32)
FNF:33
FNH:8
FNDA:0,(anonymous_0)
FNDA:1,(anonymous_1)
FNDA:0,(anonymous_2)
FNDA:0,(anonymous_3)
FNDA:0,(anonymous_4)
FNDA:0,(anonymous_5)
FNDA:0,(anonymous_6)
FNDA:0,(anonymous_7)
FNDA:0,(anonymous_8)
FNDA:0,(anonymous_9)
FNDA:2,(anonymous_10)
FNDA:0,(anonymous_11)
FNDA:0,(anonymous_12)
FNDA:3,(anonymous_13)
FNDA:1,(anonymous_14)
FNDA:1,(anonymous_15)
FNDA:1,(anonymous_16)
FNDA:0,(anonymous_17)
FNDA:0,(anonymous_18)
FNDA:0,(anonymous_19)
FNDA:0,(anonymous_20)
FNDA:0,(anonymous_21)
FNDA:2,(anonymous_22)
FNDA:1,(anonymous_23)
FNDA:0,(anonymous_24)
FNDA:0,(anonymous_25)
FNDA:0,(anonymous_26)
FNDA:0,(anonymous_27)
FNDA:0,(anonymous_28)
FNDA:0,(anonymous_29)
FNDA:0,(anonymous_30)
FNDA:0,(anonymous_31)
FNDA:0,(anonymous_32)
DA:1,2
DA:2,2
DA:8,2
DA:9,0
DA:10,0
DA:11,0
DA:12,0
DA:13,0
DA:16,2
DA:32,2
DA:33,1
DA:34,1
DA:35,1
DA:36,1
DA:39,2
DA:49,2
DA:52,0
DA:53,0
DA:54,0
DA:62,0
DA:66,0
DA:70,0
DA:74,0
DA:75,0
DA:76,0
DA:80,0
DA:81,0
DA:83,0
DA:85,0
DA:113,0
DA:124,0
DA:132,2
DA:133,2
DA:134,2
DA:136,2
DA:147,2
DA:149,2
DA:150,0
DA:151,0
DA:152,0
DA:155,2
DA:160,2
DA:162,3
DA:181,1
DA:183,1
DA:185,1
DA:197,1
DA:201,1
DA:202,1
DA:204,1
DA:205,0
DA:210,1
DA:212,1
DA:222,1
DA:226,1
DA:230,0
DA:231,0
DA:233,0
DA:234,0
DA:235,0
DA:240,0
DA:241,0
DA:242,0
DA:243,0
DA:246,0
DA:247,0
DA:253,0
DA:254,0
DA:255,0
DA:260,0
DA:262,0
DA:263,0
DA:265,0
DA:270,0
DA:278,0
DA:279,0
DA:280,0
DA:289,0
DA:297,0
DA:298,0
DA:299,0
DA:302,0
DA:309,0
DA:310,0
DA:311,0
DA:312,0
DA:313,0
DA:314,0
DA:315,0
DA:317,0
DA:321,0
DA:326,0
DA:330,0
DA:331,0
DA:333,0
DA:338,0
DA:345,2
DA:346,2
DA:348,2
DA:349,0
DA:352,2
DA:353,2
DA:355,2
DA:356,2
DA:357,1
DA:360,1
DA:361,1
DA:364,1
DA:365,1
DA:367,1
DA:383,1
DA:387,0
DA:388,0
DA:390,0
DA:391,0
DA:392,0
DA:395,0
DA:396,0
DA:401,0
DA:402,0
DA:403,0
DA:406,0
DA:407,0
DA:410,0
DA:411,0
DA:413,0
DA:414,0
DA:419,0
DA:431,0
DA:437,0
DA:438,0
DA:444,0
DA:455,0
DA:457,0
DA:458,0
DA:459,0
DA:461,0
DA:466,0
DA:470,0
DA:475,0
DA:476,0
DA:478,0
DA:480,0
DA:484,0
DA:485,0
DA:487,0
DA:491,2
LF:147
LH:46
BRDA:11,0,0,0
BRDA:11,0,1,0
BRDA:12,1,0,0
BRDA:12,1,1,0
BRDA:33,2,0,0
BRDA:33,2,1,1
BRDA:34,3,0,0
BRDA:34,3,1,1
BRDA:34,4,0,1
BRDA:34,4,1,0
BRDA:35,5,0,0
BRDA:35,5,1,1
BRDA:35,6,0,1
BRDA:35,6,1,0
BRDA:53,7,0,0
BRDA:53,7,1,0
BRDA:75,8,0,0
BRDA:75,8,1,0
BRDA:81,9,0,0
BRDA:81,9,1,0
BRDA:90,10,0,0
BRDA:90,10,1,0
BRDA:96,11,0,0
BRDA:96,11,1,0
BRDA:98,12,0,0
BRDA:98,12,1,0
BRDA:103,13,0,0
BRDA:103,13,1,0
BRDA:133,14,0,2
BRDA:133,14,1,0
BRDA:134,15,0,2
BRDA:134,15,1,0
BRDA:149,16,0,0
BRDA:149,16,1,2
BRDA:169,17,0,3
BRDA:169,17,1,0
BRDA:183,18,0,1
BRDA:183,18,1,1
BRDA:183,19,0,0
BRDA:183,19,1,1
BRDA:202,20,0,0
BRDA:202,20,1,1
BRDA:204,21,0,0
BRDA:204,21,1,1
BRDA:219,22,0,1
BRDA:219,22,1,1
BRDA:231,23,0,0
BRDA:231,23,1,0
BRDA:234,24,0,0
BRDA:234,24,1,0
BRDA:240,25,0,0
BRDA:240,25,1,0
BRDA:242,26,0,0
BRDA:242,26,1,0
BRDA:246,27,0,0
BRDA:246,27,1,0
BRDA:253,28,0,0
BRDA:253,28,1,0
BRDA:254,29,0,0
BRDA:254,29,1,0
BRDA:254,30,0,0
BRDA:254,30,1,0
BRDA:262,31,0,0
BRDA:262,31,1,0
BRDA:263,32,0,0
BRDA:263,32,1,0
BRDA:278,33,0,0
BRDA:278,33,1,0
BRDA:292,34,0,0
BRDA:292,34,1,0
BRDA:297,35,0,0
BRDA:297,35,1,0
BRDA:309,36,0,0
BRDA:309,36,1,0
BRDA:311,37,0,0
BRDA:311,37,1,0
BRDA:311,38,0,0
BRDA:311,38,1,0
BRDA:311,38,2,0
BRDA:313,39,0,0
BRDA:313,39,1,0
BRDA:331,40,0,0
BRDA:331,40,1,0
BRDA:346,41,0,0
BRDA:346,41,1,2
BRDA:348,42,0,0
BRDA:348,42,1,2
BRDA:348,43,0,2
BRDA:348,43,1,0
BRDA:348,43,2,0
BRDA:348,43,3,0
BRDA:353,44,0,0
BRDA:353,44,1,2
BRDA:356,45,0,1
BRDA:356,45,1,1
BRDA:375,46,0,1
BRDA:375,46,1,1
BRDA:376,47,0,1
BRDA:376,47,1,1
BRDA:377,48,0,1
BRDA:377,48,1,1
BRDA:378,49,0,1
BRDA:378,49,1,1
BRDA:388,50,0,0
BRDA:388,50,1,0
BRDA:391,51,0,0
BRDA:391,51,1,0
BRDA:395,52,0,0
BRDA:395,52,1,0
BRDA:395,53,0,0
BRDA:395,53,1,0
BRDA:402,54,0,0
BRDA:402,54,1,0
BRDA:406,55,0,0
BRDA:406,55,1,0
BRDA:413,56,0,0
BRDA:413,56,1,0
BRDA:437,57,0,0
BRDA:437,57,1,0
BRDA:455,58,0,0
BRDA:455,58,1,0
BRDA:455,58,2,0
BRDA:457,59,0,0
BRDA:457,59,1,0
BRDA:457,60,0,0
BRDA:457,60,1,0
BRDA:458,61,0,0
BRDA:458,61,1,0
BRDA:458,61,2,0
BRDA:478,62,0,0
BRDA:478,62,1,0
BRDA:480,63,0,0
BRDA:480,63,1,0
BRDA:484,64,0,0
BRDA:484,64,1,0
BRDA:485,65,0,0
BRDA:485,65,1,0
BRDA:487,66,0,0
BRDA:487,66,1,0
BRF:139
BRH:30
end_of_record
TN:
SF:services\orders-service\src\messaging\connection.js
FN:5,(anonymous_0)
FN:19,(anonymous_1)
FN:24,(anonymous_2)
FNF:3
FNH:0
FNDA:0,(anonymous_0)
FNDA:0,(anonymous_1)
FNDA:0,(anonymous_2)
DA:1,2
DA:3,2
DA:5,2
DA:6,0
DA:7,0
DA:8,0
DA:12,0
DA:13,0
DA:15,0
DA:17,0
DA:18,0
DA:19,0
DA:24,2
DA:26,2
LF:14
LH:5
BRDA:9,0,0,0
BRDA:9,0,1,0
BRF:2
BRH:0
end_of_record
TN:
SF:services\orders-service\src\messaging\publisher.js
FN:9,(anonymous_0)
FN:31,(anonymous_1)
FN:64,(anonymous_2)
FNF:3
FNH:0
FNDA:0,(anonymous_0)
FNDA:0,(anonymous_1)
FNDA:0,(anonymous_2)
DA:1,2
DA:3,2
DA:9,2
DA:10,0
DA:11,0
DA:12,0
DA:13,0
DA:14,0
DA:16,0
DA:17,0
DA:18,0
DA:20,0
DA:31,2
DA:32,0
DA:33,0
DA:34,0
DA:35,0
DA:36,0
DA:39,0
DA:40,0
DA:46,0
DA:48,0
DA:64,2
DA:65,0
DA:75,0
DA:81,2
LF:26
LH:6
BRDA:12,0,0,0
BRDA:12,0,1,0
BRDA:34,1,0,0
BRDA:34,1,1,0
BRF:4
BRH:0
end_of_record
TN:
SF:services\pos-service\src\db\knex.js
FNF:0
FNH:0
DA:1,2
DA:2,2
DA:4,2
DA:15,2
LF:4
LH:4
BRF:0
BRH:0
end_of_record
TN:
SF:services\pos-service\src\graphql\resolvers.js
FN:20,(anonymous_0)
FN:22,(anonymous_1)
FN:37,(anonymous_2)
FN:43,(anonymous_3)
FN:47,(anonymous_4)
FN:54,(anonymous_5)
FN:61,(anonymous_6)
FN:79,(anonymous_7)
FN:80,(anonymous_8)
FN:91,(anonymous_9)
FN:106,(anonymous_10)
FN:126,(anonymous_11)
FN:148,(anonymous_12)
FN:170,(anonymous_13)
FN:178,(anonymous_14)
FN:202,(anonymous_15)
FN:248,(anonymous_16)
FN:257,(anonymous_17)
FN:269,(anonymous_18)
FN:287,(anonymous_19)
FN:304,(anonymous_20)
FN:321,(anonymous_21)
FN:324,(anonymous_22)
FNF:23
FNH:3
FNDA:0,(anonymous_0)
FNDA:0,(anonymous_1)
FNDA:0,(anonymous_2)
FNDA:0,(anonymous_3)
FNDA:2,(anonymous_4)
FNDA:0,(anonymous_5)
FNDA:0,(anonymous_6)
FNDA:0,(anonymous_7)
FNDA:0,(anonymous_8)
FNDA:0,(anonymous_9)
FNDA:0,(anonymous_10)
FNDA:0,(anonymous_11)
FNDA:0,(anonymous_12)
FNDA:0,(anonymous_13)
FNDA:0,(anonymous_14)
FNDA:1,(anonymous_15)
FNDA:2,(anonymous_16)
FNDA:0,(anonymous_17)
FNDA:0,(anonymous_18)
FNDA:0,(anonymous_19)
FNDA:0,(anonymous_20)
FNDA:0,(anonymous_21)
FNDA:0,(anonymous_22)
DA:1,2
DA:2,2
DA:4,2
DA:20,2
DA:21,0
DA:22,0
DA:23,0
DA:24,0
DA:25,0
DA:32,0
DA:35,2
DA:38,0
DA:39,0
DA:40,0
DA:44,0
DA:47,2
DA:55,0
DA:56,0
DA:57,0
DA:58,0
DA:62,0
DA:63,0
DA:64,0
DA:66,0
DA:76,0
DA:78,0
DA:79,0
DA:80,0
DA:81,0
DA:84,0
DA:89,0
DA:91,0
DA:110,0
DA:123,0
DA:125,0
DA:126,0
DA:135,0
DA:138,0
DA:141,0
DA:145,0
DA:149,0
DA:150,0
DA:151,0
DA:152,0
DA:154,0
DA:166,0
DA:167,0
DA:171,0
DA:172,0
DA:173,0
DA:174,0
DA:175,0
DA:179,0
DA:180,0
DA:181,0
DA:182,0
DA:184,0
DA:185,0
DA:187,0
DA:189,0
DA:199,0
DA:203,1
DA:204,1
DA:205,1
DA:206,0
DA:207,1
DA:208,1
DA:209,0
DA:212,1
DA:214,1
DA:216,1
DA:217,0
DA:223,1
DA:227,1
DA:237,1
DA:244,1
DA:245,1
DA:248,2
DA:254,1
DA:258,0
DA:259,0
DA:260,0
DA:261,0
DA:262,0
DA:266,0
DA:270,0
DA:271,0
DA:273,0
DA:274,0
DA:279,0
DA:284,0
DA:288,0
DA:289,0
DA:290,0
DA:292,0
DA:293,0
DA:295,0
DA:304,0
DA:311,0
DA:316,0
DA:322,0
DA:324,0
DA:328,2
LF:103
LH:22
BRDA:39,0,0,0
BRDA:39,0,1,0
BRDA:56,1,0,0
BRDA:56,1,1,0
BRDA:63,2,0,0
BRDA:63,2,1,0
BRDA:64,3,0,0
BRDA:64,3,1,0
BRDA:78,4,0,0
BRDA:78,4,1,0
BRDA:98,5,0,0
BRDA:98,5,1,0
BRDA:114,6,0,0
BRDA:114,6,1,0
BRDA:115,7,0,0
BRDA:115,7,1,0
BRDA:125,8,0,0
BRDA:125,8,1,0
BRDA:125,9,0,0
BRDA:125,9,1,0
BRDA:128,10,0,0
BRDA:128,10,1,0
BRDA:133,11,0,0
BRDA:133,11,1,0
BRDA:150,12,0,0
BRDA:150,12,1,0
BRDA:151,13,0,0
BRDA:151,13,1,0
BRDA:157,14,0,0
BRDA:157,14,1,0
BRDA:162,15,0,0
BRDA:162,15,1,0
BRDA:172,16,0,0
BRDA:172,16,1,0
BRDA:180,17,0,0
BRDA:180,17,1,0
BRDA:181,18,0,0
BRDA:181,18,1,0
BRDA:185,19,0,0
BRDA:185,19,1,0
BRDA:194,20,0,0
BRDA:194,20,1,0
BRDA:195,21,0,0
BRDA:195,21,1,0
BRDA:204,22,0,0
BRDA:204,22,1,1
BRDA:205,23,0,0
BRDA:205,23,1,1
BRDA:207,24,0,0
BRDA:207,24,1,1
BRDA:208,25,0,0
BRDA:208,25,1,1
BRDA:214,26,0,0
BRDA:214,26,1,1
BRDA:216,27,0,0
BRDA:216,27,1,1
BRDA:216,28,0,1
BRDA:216,28,1,1
BRDA:223,29,0,0
BRDA:223,29,1,1
BRDA:259,30,0,0
BRDA:259,30,1,0
BRDA:260,31,0,0
BRDA:260,31,1,0
BRDA:271,32,0,0
BRDA:271,32,1,0
BRDA:273,33,0,0
BRDA:273,33,1,0
BRDA:289,34,0,0
BRDA:289,34,1,0
BRDA:290,35,0,0
BRDA:290,35,1,0
BRDA:293,36,0,0
BRDA:293,36,1,0
BRDA:307,37,0,0
BRDA:307,37,1,0
BRF:76
BRH:9
end_of_record
TN:
SF:services\pos-service\src\messaging\connection.js
FN:6,(anonymous_0)
FN:22,(anonymous_1)
FN:27,(anonymous_2)
FNF:3
FNH:0
FNDA:0,(anonymous_0)
FNDA:0,(anonymous_1)
FNDA:0,(anonymous_2)
DA:1,2
DA:2,2
DA:4,2
DA:6,2
DA:7,0
DA:8,0
DA:9,0
DA:12,0
DA:13,0
DA:16,0
DA:18,0
DA:20,0
DA:21,0
DA:22,0
DA:27,2
DA:28,2
LF:16
LH:6
BRDA:10,0,0,0
BRDA:10,0,1,0
BRF:2
BRH:0
end_of_record
TN:
SF:services\pos-service\src\messaging\consumer.js
FN:3,(anonymous_0)
FN:7,(anonymous_1)
FNF:2
FNH:0
FNDA:0,(anonymous_0)
FNDA:0,(anonymous_1)
DA:1,2
DA:3,2
DA:4,0
DA:5,0
DA:7,0
DA:8,0
DA:9,0
DA:10,0
DA:11,0
DA:13,0
DA:15,0
DA:20,0
DA:21,0
DA:24,0
DA:26,0
DA:30,0
DA:32,0
DA:33,0
DA:37,0
DA:40,2
LF:20
LH:3
BRDA:8,0,0,0
BRDA:8,0,1,0
BRDA:13,1,0,0
BRDA:13,1,1,0
BRDA:20,2,0,0
BRDA:20,2,1,0
BRF:6
BRH:0
end_of_record
TN:
SF:services\pos-service\src\messaging\publisher.js
FN:3,(anonymous_0)
FNF:1
FNH:0
FNDA:0,(anonymous_0)
DA:1,2
DA:3,2
DA:4,0
DA:5,0
DA:6,0
DA:7,0
DA:8,0
DA:9,0
DA:11,0
DA:15,2
LF:10
LH:3
BRDA:6,0,0,0
BRDA:6,0,1,0
BRF:2
BRH:0
end_of_record
